<?xml version="1.0" encoding="UTF-8"?>
<!-- Generated by org.testng.reporters.JUnitReportReporter -->
<testsuite name="com.mobility.testcases.QuitApp" tests="1" time="0.234" ignored="0" failures="0" timestamp="16 Sep 2018 06:27:32 GMT" skipped="0" hostname="P10-LAP-039" errors="0">
  <testcase name="closeApp" time="0.234" classname="com.mobility.testcases.QuitApp"/>
</testsuite> <!-- com.mobility.testcases.QuitApp -->
