<?xml version="1.0" encoding="UTF-8"?>
<!-- Generated by org.testng.reporters.JUnitReportReporter -->
<testsuite name="com.mobility.testcases.SignInPage" tests="1" time="14.466" ignored="0" failures="0" timestamp="15 Sep 2018 13:46:46 GMT" skipped="0" hostname="P10-LAP-039" errors="0">
  <testcase name="verifyLogin" time="14.466" classname="com.mobility.testcases.SignInPage"/>
</testsuite> <!-- com.mobility.testcases.SignInPage -->
